0 info it worked if it ends with ok
1 verbose cli [ '/usr/local/bin/node', '/usr/local/bin/npm', 'run', 'tsc:w' ]
2 info using npm@4.0.3
3 info using node@v6.9.1
4 verbose run-script [ 'pretsc:w', 'tsc:w', 'posttsc:w' ]
5 info lifecycle santosh-shinde@1.0.0~pretsc:w: santosh-shinde@1.0.0
6 silly lifecycle santosh-shinde@1.0.0~pretsc:w: no script for pretsc:w, continuing
7 info lifecycle santosh-shinde@1.0.0~tsc:w: santosh-shinde@1.0.0
8 verbose lifecycle santosh-shinde@1.0.0~tsc:w: unsafe-perm in lifecycle true
9 verbose lifecycle santosh-shinde@1.0.0~tsc:w: PATH: /usr/local/lib/node_modules/npm/bin/node-gyp-bin:/Users/webwerks/Documents/Workspace/Santosh/portfolio-site/node_modules/.bin:/usr/local/lib/node_modules/npm/bin/node-gyp-bin:/Users/webwerks/Documents/Workspace/Santosh/portfolio-site/node_modules/.bin:/Users/webwerks/.rvm/gems/ruby-2.3.3/bin:/Users/webwerks/.rvm/gems/ruby-2.3.3@global/bin:/Users/webwerks/.rvm/rubies/ruby-2.3.3/bin:/Users/webwerks/Documents/Developer/android-sdk-macosx/tools:/Users/webwerks/Documents/Developer/android-sdk-macosx/platform-tools:/usr/local/bin:/usr/bin:/bin:/usr/sbin:/sbin:/Library/Frameworks/Mono.framework/Versions/Current/Commands:/Users/webwerks/.rvm/bin
10 verbose lifecycle santosh-shinde@1.0.0~tsc:w: CWD: /Users/webwerks/Documents/Workspace/Santosh/portfolio-site
11 silly lifecycle santosh-shinde@1.0.0~tsc:w: Args: [ '-c', 'tsc -w' ]
12 silly lifecycle santosh-shinde@1.0.0~tsc:w: Returned: code: 1  signal: null
13 info lifecycle santosh-shinde@1.0.0~tsc:w: Failed to exec tsc:w script
14 verbose stack Error: santosh-shinde@1.0.0 tsc:w: `tsc -w`
14 verbose stack Exit status 1
14 verbose stack     at EventEmitter.<anonymous> (/usr/local/lib/node_modules/npm/lib/utils/lifecycle.js:279:16)
14 verbose stack     at emitTwo (events.js:106:13)
14 verbose stack     at EventEmitter.emit (events.js:191:7)
14 verbose stack     at ChildProcess.<anonymous> (/usr/local/lib/node_modules/npm/lib/utils/spawn.js:40:14)
14 verbose stack     at emitTwo (events.js:106:13)
14 verbose stack     at ChildProcess.emit (events.js:191:7)
14 verbose stack     at maybeClose (internal/child_process.js:877:16)
14 verbose stack     at Process.ChildProcess._handle.onexit (internal/child_process.js:226:5)
15 verbose pkgid santosh-shinde@1.0.0
16 verbose cwd /Users/webwerks/Documents/Workspace/Santosh/portfolio-site
17 error Darwin 16.3.0
18 error argv "/usr/local/bin/node" "/usr/local/bin/npm" "run" "tsc:w"
19 error node v6.9.1
20 error npm  v4.0.3
21 error code ELIFECYCLE
22 error santosh-shinde@1.0.0 tsc:w: `tsc -w`
22 error Exit status 1
23 error Failed at the santosh-shinde@1.0.0 tsc:w script 'tsc -w'.
23 error Make sure you have the latest version of node.js and npm installed.
23 error If you do, this is most likely a problem with the santosh-shinde package,
23 error not with npm itself.
23 error Tell the author that this fails on your system:
23 error     tsc -w
23 error You can get information on how to open an issue for this project with:
23 error     npm bugs santosh-shinde
23 error Or if that isn't available, you can get their info via:
23 error     npm owner ls santosh-shinde
23 error There is likely additional logging output above.
24 verbose exit [ 1, true ]
